<?xml version="1.0" encoding="UTF-8" ?>
<testsuite tests="4" failures="0" name="org.eclipse.jakarta.cafe.rest.CafeResourceTest" time="1.74" errors="0" skipped="0">
  <properties>
[...]
</properties>
  <testcase classname="org.eclipse.jakarta.cafe.rest.CafeResourceTest" name="testGetAllCoffees" time="1.48"/>
  <testcase classname="org.eclipse.jakarta.cafe.rest.CafeResourceTest" name="testDeleteCoffee" time="0.112"/>
  <testcase classname="org.eclipse.jakarta.cafe.rest.CafeResourceTest" name="testGetCoffeeById" time="0.072"/>
  <testcase classname="org.eclipse.jakarta.cafe.rest.CafeResourceTest" name="testCreateCoffee" time="0.076"/>
</testsuite>